<?xml version="1.0" encoding="UTF-8"?>
<testng-results skipped="0" failed="0" total="1" passed="1">
  <reporter-output>
  </reporter-output>
  <suite name="Suite" duration-ms="28439" started-at="2019-04-08T19:14:00Z" finished-at="2019-04-08T19:14:29Z">
    <groups>
    </groups>
    <test name="Test" duration-ms="28439" started-at="2019-04-08T19:14:00Z" finished-at="2019-04-08T19:14:29Z">
      <class name="tests.TestSample_1">
        <test-method status="PASS" signature="initiate_driver()[pri:0, instance:tests.TestSample_1@67b64c45]" name="initiate_driver" is-config="true" duration-ms="19180" started-at="2019-04-08T19:14:00Z" finished-at="2019-04-08T19:14:19Z">
        </test-method>
        <test-method status="PASS" signature="test()[pri:0, instance:tests.TestSample_1@67b64c45]" name="test" duration-ms="9251" started-at="2019-04-08T19:14:19Z" finished-at="2019-04-08T19:14:29Z">
        </test-method>
      </class>
    </test>
  </suite>
</testng-results>
