<?xml version="1.0" encoding="UTF-8"?>
<testng-results skipped="0" failed="0" total="1" passed="1">
  <reporter-output>
  </reporter-output>
  <suite name="Suite" duration-ms="2369" started-at="2019-04-05T20:00:32Z" finished-at="2019-04-05T20:00:34Z">
    <groups>
    </groups>
    <test name="Test" duration-ms="2369" started-at="2019-04-05T20:00:32Z" finished-at="2019-04-05T20:00:34Z">
      <class name="tests.TestSample_1">
        <test-method status="PASS" signature="initiate_driver()[pri:0, instance:tests.TestSample_1@29774679]" name="initiate_driver" is-config="true" duration-ms="2202" started-at="2019-04-05T20:00:32Z" finished-at="2019-04-05T20:00:34Z">
        </test-method>
        <test-method status="PASS" signature="test()[pri:0, instance:tests.TestSample_1@29774679]" name="test" duration-ms="96" started-at="2019-04-05T20:00:34Z" finished-at="2019-04-05T20:00:34Z">
        </test-method>
        <test-method status="PASS" signature="quit()[pri:0, instance:tests.TestSample_1@29774679]" name="quit" is-config="true" duration-ms="60" started-at="2019-04-05T20:00:34Z" finished-at="2019-04-05T20:00:34Z">
        </test-method>
      </class>
    </test>
  </suite>
</testng-results>
